2022-05-04 10:38:01 Starting akka-actor
2022-05-04 11:01:47 Finished akka-actor
2022-05-04 11:01:47 Starting akka-actor-testkit-typed
2022-05-04 11:02:40 Finished akka-actor-testkit-typed
2022-05-04 11:02:40 Starting akka-actor-tests
2022-05-04 11:10:26 Finished akka-actor-tests
2022-05-04 11:10:26 Starting akka-actor-typed
2022-05-04 11:12:10 Finished akka-actor-typed
2022-05-04 11:12:10 Starting akka-bench-jmh
2022-05-04 11:13:10 Finished akka-bench-jmh
2022-05-04 11:13:10 Starting akka-cluster
2022-05-04 11:16:06 Finished akka-cluster
2022-05-04 11:16:06 Starting akka-cluster-metrics
2022-05-04 11:16:49 Finished akka-cluster-metrics
2022-05-04 11:16:49 Starting akka-cluster-sharding
2022-05-04 11:18:36 Finished akka-cluster-sharding
2022-05-04 11:18:36 Starting akka-cluster-sharding-typed
2022-05-04 11:19:37 Finished akka-cluster-sharding-typed
2022-05-04 11:19:37 Starting akka-cluster-tools
2022-05-04 11:20:58 Finished akka-cluster-tools
2022-05-04 11:20:58 Starting akka-cluster-typed
2022-05-04 11:21:59 Finished akka-cluster-typed
2022-05-04 11:21:59 Starting akka-coordination
2022-05-04 11:22:32 Finished akka-coordination
2022-05-04 11:22:32 Starting akka-discovery
2022-05-04 11:22:56 Finished akka-discovery
2022-05-04 11:22:56 Starting akka-distributed-data
2022-05-04 11:26:40 Finished akka-distributed-data
2022-05-04 11:26:40 Starting akka-multi-node-testkit
2022-05-04 11:27:38 Finished akka-multi-node-testkit
2022-05-04 11:27:38 Starting akka-osgi
2022-05-04 11:28:01 Finished akka-osgi
2022-05-04 11:28:01 Starting akka-persistence
2022-05-04 11:32:51 Finished akka-persistence
2022-05-04 11:32:51 Starting akka-persistence-query
2022-05-04 11:33:34 Finished akka-persistence-query
2022-05-04 11:33:34 Starting akka-persistence-tck
2022-05-04 11:34:13 Finished akka-persistence-tck
2022-05-04 11:34:13 Starting akka-persistence-testkit
2022-05-04 11:35:07 Finished akka-persistence-testkit
2022-05-04 11:35:07 Starting akka-persistence-typed
2022-05-04 11:36:24 Finished akka-persistence-typed
2022-05-04 11:36:24 Starting akka-pki
2022-05-04 11:36:43 Finished akka-pki
2022-05-04 11:36:43 Starting akka-remote
2022-05-04 11:42:11 Finished akka-remote
2022-05-04 11:42:11 Starting akka-remote-tests
2022-05-04 11:42:48 Finished akka-remote-tests
2022-05-04 11:42:48 Starting akka-serialization-jackson
2022-05-04 11:43:56 Finished akka-serialization-jackson
2022-05-04 11:43:56 Starting akka-slf4j
2022-05-04 11:44:17 Finished akka-slf4j
2022-05-04 11:44:17 Starting akka-stream
2022-05-04 12:01:51 Finished akka-stream
2022-05-04 12:01:51 Starting akka-stream-testkit
2022-05-04 12:02:50 Finished akka-stream-testkit
2022-05-04 12:02:50 Starting akka-stream-typed
2022-05-04 12:03:14 Finished akka-stream-typed
2022-05-04 12:03:14 Starting akka-testkit
2022-05-04 12:04:53 Finished akka-testkit
